[2023-10-01 11:24:22,263: INFO: common: yaml file: config/config.yaml loaded suceessfully]
[2023-10-01 11:24:22,267: INFO: common: yaml file: params.yaml loaded suceessfully]
[2023-10-01 11:24:22,268: INFO: common: created directory at: artifacts]
[2023-10-01 11:24:22,269: INFO: common: created directory at: artifacts/data_ingestion]
[2023-10-01 11:24:23,769: INFO: 2783313568: artifacts/data_ingestion/data.zip download! with the following info: 
 Connection: close
Content-Length: 11616915
Cache-Control: max-age=300
Content-Security-Policy: default-src 'none'; style-src 'unsafe-inline'; sandbox
Content-Type: application/zip
ETag: "adf745abc03891fe493c3be264ec012691fe3fa21d861f35a27edbe6d86a76b1"
Strict-Transport-Security: max-age=31536000
X-Content-Type-Options: nosniff
X-Frame-Options: deny
X-XSS-Protection: 1; mode=block
X-GitHub-Request-Id: C6D2:5962:2D67C4B:2F60642:65193AC6
Accept-Ranges: bytes
Date: Sun, 01 Oct 2023 09:24:23 GMT
Via: 1.1 varnish
X-Served-By: cache-fra-eddf8230093-FRA
X-Cache: MISS
X-Cache-Hits: 0
X-Timer: S1696152263.617895,VS0,VE743
Vary: Authorization,Accept-Encoding,Origin
Access-Control-Allow-Origin: *
Cross-Origin-Resource-Policy: cross-origin
X-Fastly-Request-ID: 39f0a930163534256db395e5aa58c5a3d7533eda
Expires: Sun, 01 Oct 2023 09:29:23 GMT
Source-Age: 1

]
[2023-10-01 11:28:22,838: INFO: common: yaml file: config/config.yaml loaded suceessfully]
[2023-10-01 11:28:22,841: INFO: common: yaml file: params.yaml loaded suceessfully]
[2023-10-01 11:28:22,842: INFO: common: created directory at: artifacts]
[2023-10-01 11:28:22,843: INFO: common: created directory at: artifacts/prepare_base_model]
[2023-10-01 11:28:26,030: WARNING: saving_utils: Compiled the loaded model, but the compiled metrics have yet to be built. `model.compile_metrics` will be empty until you train or evaluate the model.]
[2023-10-01 11:28:26,104: WARNING: optimizer: At this time, the v2.11+ optimizer `tf.keras.optimizers.SGD` runs slowly on M1/M2 Macs, please use the legacy Keras optimizer instead, located at `tf.keras.optimizers.legacy.SGD`.]
[2023-10-01 11:28:26,107: WARNING: __init__: There is a known slowdown when using v2.11+ Keras optimizers on M1/M2 Macs. Falling back to the legacy Keras optimizer, i.e., `tf.keras.optimizers.legacy.SGD`.]
[2023-10-02 22:45:02,472: INFO: common: yaml file: config/config.yaml loaded suceessfully]
[2023-10-02 22:45:02,475: INFO: common: yaml file: params.yaml loaded suceessfully]
[2023-10-02 22:45:02,476: INFO: common: created directory at: artifacts]
[2023-10-02 22:45:02,477: INFO: common: created directory at: artifacts/prepare_callbacks/checkpoint_dir]
[2023-10-02 22:45:02,478: INFO: common: created directory at: artifacts/prepare_callbacks/tensorboard_log_dir]
[2023-10-02 22:45:19,210: INFO: common: yaml file: config/config.yaml loaded suceessfully]
[2023-10-02 22:45:19,213: INFO: common: yaml file: params.yaml loaded suceessfully]
[2023-10-02 22:45:19,214: INFO: common: created directory at: artifacts]
[2023-10-02 22:45:19,214: INFO: common: created directory at: artifacts/prepare_callbacks/checkpoint_dir]
[2023-10-02 22:45:19,216: INFO: common: created directory at: artifacts/prepare_callbacks/tensorboard_log_dir]
[2023-10-02 22:46:23,708: INFO: common: yaml file: config/config.yaml loaded suceessfully]
[2023-10-02 22:46:23,713: INFO: common: yaml file: params.yaml loaded suceessfully]
[2023-10-02 22:46:23,714: INFO: common: created directory at: artifacts]
[2023-10-02 22:46:23,716: INFO: common: created directory at: artifacts/prepare_callbacks/checkpoint_dir]
[2023-10-02 22:46:23,717: INFO: common: created directory at: artifacts/prepare_callbacks/tensorboard_log_dir]
[2023-10-02 22:47:10,381: INFO: common: yaml file: config/config.yaml loaded suceessfully]
[2023-10-02 22:47:10,384: INFO: common: yaml file: params.yaml loaded suceessfully]
[2023-10-02 22:47:10,385: INFO: common: created directory at: artifacts]
[2023-10-02 22:48:26,812: INFO: common: yaml file: config/config.yaml loaded suceessfully]
[2023-10-02 22:48:26,816: INFO: common: yaml file: params.yaml loaded suceessfully]
[2023-10-02 22:48:26,817: INFO: common: created directory at: artifacts]
[2023-10-02 22:48:26,818: INFO: common: created directory at: artifacts/prepare_callbacks/checkpoint_dir]
[2023-10-02 22:48:26,819: INFO: common: created directory at: artifacts/prepare_callbacks/tensorboard_log_dir]
[2023-10-02 22:50:41,678: INFO: common: yaml file: config/config.yaml loaded suceessfully]
[2023-10-02 22:50:41,682: INFO: common: yaml file: params.yaml loaded suceessfully]
[2023-10-02 22:50:41,683: INFO: common: created directory at: artifacts]
[2023-10-02 22:50:41,683: INFO: common: created directory at: artifacts/prepare_callbacks/checkpoint_dir]
[2023-10-02 22:50:41,684: INFO: common: created directory at: artifacts/prepare_callbacks/tensorboard_log_dir]
[2023-10-02 22:50:56,549: INFO: common: yaml file: config/config.yaml loaded suceessfully]
[2023-10-02 22:50:56,552: INFO: common: yaml file: params.yaml loaded suceessfully]
[2023-10-02 22:50:56,554: INFO: common: created directory at: artifacts]
[2023-10-02 22:50:56,555: INFO: common: created directory at: artifacts/prepare_callbacks/checkpoint_dir]
[2023-10-02 22:50:56,556: INFO: common: created directory at: artifacts/prepare_callbacks/tensorboard_log_dir]
[2023-10-02 22:54:35,276: INFO: common: yaml file: config/config.yaml loaded suceessfully]
[2023-10-02 22:54:35,280: INFO: common: yaml file: params.yaml loaded suceessfully]
[2023-10-02 22:54:35,281: INFO: common: created directory at: artifacts]
[2023-10-02 22:54:35,283: INFO: common: created directory at: artifacts/prepare_callbacks/checkpoint_dir]
[2023-10-02 22:54:35,284: INFO: common: created directory at: artifacts/prepare_callbacks/tensorboard_log_dir]
[2023-10-03 07:06:16,979: INFO: common: yaml file: config/config.yaml loaded suceessfully]
[2023-10-03 07:06:16,982: INFO: common: yaml file: params.yaml loaded suceessfully]
[2023-10-03 07:06:16,983: INFO: common: created directory at: artifacts]
[2023-10-03 07:06:16,984: INFO: common: created directory at: artifacts/prepare_callbacks/checkpoint_dir]
[2023-10-03 07:06:16,985: INFO: common: created directory at: artifacts/prepare_callbacks/tensorboard_log_dir]
